<?xml version="1.0" encoding="UTF-8"?>
<!-- Generated by org.testng.reporters.JUnitXMLReporter -->
<testsuite ignored="2" hostname="DESKTOP-KMDUE1Q" failures="0" tests="1" name="Default test" time="6.63" errors="0" timestamp="2021-08-12T12:38:19 EET">
  <testcase classname="tests.Test_directions" name="set_diection" time="6.368"/>
  <testcase classname="tests.Test_Base" name="@AfterSuite Stop_Driver" time="0.0">
    <ignored/>
  </testcase> <!-- @AfterSuite Stop_Driver -->
  <testcase classname="tests.Test_Base" name="@BeforeSuite Start_Chrome" time="0.0">
    <ignored/>
  </testcase> <!-- @BeforeSuite Start_Chrome -->
</testsuite> <!-- Default test -->
